0 info it worked if it ends with ok
1 verbose cli [ 'C:\\Program Files\\nodejs\\node.exe',
1 verbose cli   'C:\\Program Files\\nodejs\\node_modules\\npm\\bin\\npm-cli.js',
1 verbose cli   'run',
1 verbose cli   'test' ]
2 info using npm@3.7.3
3 info using node@v5.8.0
4 verbose run-script [ 'pretest', 'test', 'posttest' ]
5 info lifecycle my-own-angularjs@0.1.0~pretest: my-own-angularjs@0.1.0
6 silly lifecycle my-own-angularjs@0.1.0~pretest: no script for pretest, continuing
7 info lifecycle my-own-angularjs@0.1.0~test: my-own-angularjs@0.1.0
8 verbose lifecycle my-own-angularjs@0.1.0~test: unsafe-perm in lifecycle true
9 verbose lifecycle my-own-angularjs@0.1.0~test: PATH: C:\Program Files\nodejs\node_modules\npm\bin\node-gyp-bin;C:\Users\weeru\Desktop\build-your-own-angularjs-chapter9-filters\node_modules\.bin;C:\Program Files\nodejs;C:\WINDOWS\system32;C:\WINDOWS;C:\WINDOWS\System32\Wbem;C:\WINDOWS\System32\WindowsPowerShell\v1.0\;C:\Program Files\Git\bin;C:\Program Files\nodejs\;C:\Program Files (x86)\GtkSharp\2.12\bin;%USERPROFILE%\.dnx\bin;C:\Program Files\Microsoft DNX\Dnvm\;C:\Program Files\TortoiseGit\bin;C:\Program Files (x86)\Windows Kits\8.1\Windows Performance Toolkit\;C:\Program Files\Microsoft SQL Server\130\Tools\Binn\;C:\ProgramData\phantomjs-2.1.1-windows\bin;C:\Users\weeru\AppData\Roaming\npm
10 verbose lifecycle my-own-angularjs@0.1.0~test: CWD: C:\Users\weeru\Desktop\build-your-own-angularjs-chapter9-filters
11 silly lifecycle my-own-angularjs@0.1.0~test: Args: [ '/d /s /c', 'karma start' ]
12 silly lifecycle my-own-angularjs@0.1.0~test: Returned: code: 1  signal: null
13 info lifecycle my-own-angularjs@0.1.0~test: Failed to exec test script
14 verbose stack Error: my-own-angularjs@0.1.0 test: `karma start`
14 verbose stack Exit status 1
14 verbose stack     at EventEmitter.<anonymous> (C:\Program Files\nodejs\node_modules\npm\lib\utils\lifecycle.js:239:16)
14 verbose stack     at emitTwo (events.js:100:13)
14 verbose stack     at EventEmitter.emit (events.js:185:7)
14 verbose stack     at ChildProcess.<anonymous> (C:\Program Files\nodejs\node_modules\npm\lib\utils\spawn.js:24:14)
14 verbose stack     at emitTwo (events.js:100:13)
14 verbose stack     at ChildProcess.emit (events.js:185:7)
14 verbose stack     at maybeClose (internal/child_process.js:850:16)
14 verbose stack     at Process.ChildProcess._handle.onexit (internal/child_process.js:215:5)
15 verbose pkgid my-own-angularjs@0.1.0
16 verbose cwd C:\Users\weeru\Desktop\build-your-own-angularjs-chapter9-filters
17 error Windows_NT 10.0.10586
18 error argv "C:\\Program Files\\nodejs\\node.exe" "C:\\Program Files\\nodejs\\node_modules\\npm\\bin\\npm-cli.js" "run" "test"
19 error node v5.8.0
20 error npm  v3.7.3
21 error code ELIFECYCLE
22 error my-own-angularjs@0.1.0 test: `karma start`
22 error Exit status 1
23 error Failed at the my-own-angularjs@0.1.0 test script 'karma start'.
23 error Make sure you have the latest version of node.js and npm installed.
23 error If you do, this is most likely a problem with the my-own-angularjs package,
23 error not with npm itself.
23 error Tell the author that this fails on your system:
23 error     karma start
23 error You can get information on how to open an issue for this project with:
23 error     npm bugs my-own-angularjs
23 error Or if that isn't available, you can get their info via:
23 error     npm owner ls my-own-angularjs
23 error There is likely additional logging output above.
24 verbose exit [ 1, true ]
